1769524434.299105 client started (45308): version 3.6a, socket /private/tmp/tmux-501/default, protocol 8
1769524434.299160 on Darwin 25.2.0 Darwin Kernel Version 25.2.0: Tue Nov 18 21:09:45 PST 2025; root:xnu-12377.61.12~1/RELEASE_ARM64_T6030
1769524434.299170 using libevent 2.1.12-stable select
1769524434.299422 using utf8proc 2.11.3
1769524434.299446 using ncurses 6.5 20240427
1769524434.299464 flags are 0x18010000
1769524434.299472 socket is /private/tmp/tmux-501/default
1769524434.299487 trying connect
1769524434.299504 connect failed: Connection refused
1769524434.299523 lock file is /private/tmp/tmux-501/default.lock
1769524434.299888 flock succeeded
1769524434.299914 got lock (6)
1769524434.299928 trying connect
1769524434.299946 connect failed: Connection refused
1769524434.302192 add peer 0x1038d9d90: 7 (0x0)
1769524434.305247 sending message 111 to peer 0x1038d9d90 (8 bytes)
1769524434.305267 sending message 111 to peer 0x1038d9d90 (8 bytes)
1769524434.305272 sending message 101 to peer 0x1038d9d90 (14 bytes)
1769524434.305276 sending message 109 to peer 0x1038d9d90 (4 bytes)
1769524434.305280 sending message 102 to peer 0x1038d9d90 (13 bytes)
1769524434.305285 sending message 108 to peer 0x1038d9d90 (29 bytes)
1769524434.305288 sending message 112 to peer 0x1038d9d90 (70 bytes)
1769524434.305292 sending message 112 to peer 0x1038d9d90 (5 bytes)
1769524434.305295 sending message 112 to peer 0x1038d9d90 (5 bytes)
1769524434.305300 sending message 112 to peer 0x1038d9d90 (6 bytes)
1769524434.305304 sending message 112 to peer 0x1038d9d90 (6 bytes)
1769524434.305308 sending message 112 to peer 0x1038d9d90 (11 bytes)
1769524434.305311 sending message 112 to peer 0x1038d9d90 (10 bytes)
1769524434.305315 sending message 112 to peer 0x1038d9d90 (13 bytes)
1769524434.305319 sending message 112 to peer 0x1038d9d90 (14 bytes)
1769524434.305324 sending message 112 to peer 0x1038d9d90 (9 bytes)
1769524434.305328 sending message 112 to peer 0x1038d9d90 (21 bytes)
1769524434.305331 sending message 112 to peer 0x1038d9d90 (19 bytes)
1769524434.305335 sending message 112 to peer 0x1038d9d90 (11 bytes)
1769524434.305338 sending message 112 to peer 0x1038d9d90 (21 bytes)
1769524434.305341 sending message 112 to peer 0x1038d9d90 (13 bytes)
1769524434.305345 sending message 112 to peer 0x1038d9d90 (7 bytes)
1769524434.305348 sending message 112 to peer 0x1038d9d90 (13 bytes)
1769524434.305351 sending message 112 to peer 0x1038d9d90 (7 bytes)
1769524434.305355 sending message 112 to peer 0x1038d9d90 (13 bytes)
1769524434.305358 sending message 112 to peer 0x1038d9d90 (9 bytes)
1769524434.305361 sending message 112 to peer 0x1038d9d90 (21 bytes)
1769524434.305365 sending message 112 to peer 0x1038d9d90 (13 bytes)
1769524434.305369 sending message 112 to peer 0x1038d9d90 (9 bytes)
1769524434.305372 sending message 112 to peer 0x1038d9d90 (16 bytes)
1769524434.305376 sending message 112 to peer 0x1038d9d90 (13 bytes)
1769524434.305379 sending message 112 to peer 0x1038d9d90 (9 bytes)
1769524434.305382 sending message 112 to peer 0x1038d9d90 (9 bytes)
1769524434.305393 sending message 112 to peer 0x1038d9d90 (12 bytes)
1769524434.305396 sending message 112 to peer 0x1038d9d90 (8 bytes)
1769524434.305399 sending message 112 to peer 0x1038d9d90 (12 bytes)
1769524434.305403 sending message 112 to peer 0x1038d9d90 (8 bytes)
1769524434.305406 sending message 112 to peer 0x1038d9d90 (13 bytes)
1769524434.305410 sending message 112 to peer 0x1038d9d90 (7 bytes)
1769524434.305413 sending message 112 to peer 0x1038d9d90 (7 bytes)
1769524434.305416 sending message 112 to peer 0x1038d9d90 (9 bytes)
1769524434.305420 sending message 112 to peer 0x1038d9d90 (12 bytes)
1769524434.305424 sending message 112 to peer 0x1038d9d90 (6 bytes)
1769524434.305427 sending message 112 to peer 0x1038d9d90 (9 bytes)
1769524434.305430 sending message 112 to peer 0x1038d9d90 (15 bytes)
1769524434.305433 sending message 112 to peer 0x1038d9d90 (13 bytes)
1769524434.305437 sending message 112 to peer 0x1038d9d90 (9 bytes)
1769524434.305440 sending message 112 to peer 0x1038d9d90 (12 bytes)
1769524434.305449 sending message 112 to peer 0x1038d9d90 (8 bytes)
1769524434.305452 sending message 112 to peer 0x1038d9d90 (14 bytes)
1769524434.305455 sending message 112 to peer 0x1038d9d90 (11 bytes)
1769524434.305457 sending message 112 to peer 0x1038d9d90 (9 bytes)
1769524434.305460 sending message 112 to peer 0x1038d9d90 (10 bytes)
1769524434.305462 sending message 112 to peer 0x1038d9d90 (10 bytes)
1769524434.305465 sending message 112 to peer 0x1038d9d90 (10 bytes)
1769524434.305467 sending message 112 to peer 0x1038d9d90 (10 bytes)
1769524434.305469 sending message 112 to peer 0x1038d9d90 (11 bytes)
1769524434.305471 sending message 112 to peer 0x1038d9d90 (12 bytes)
1769524434.305473 sending message 112 to peer 0x1038d9d90 (12 bytes)
1769524434.305476 sending message 112 to peer 0x1038d9d90 (12 bytes)
1769524434.305477 sending message 112 to peer 0x1038d9d90 (12 bytes)
1769524434.305480 sending message 112 to peer 0x1038d9d90 (12 bytes)
1769524434.305482 sending message 112 to peer 0x1038d9d90 (11 bytes)
1769524434.305485 sending message 112 to peer 0x1038d9d90 (11 bytes)
1769524434.305487 sending message 112 to peer 0x1038d9d90 (12 bytes)
1769524434.305492 sending message 112 to peer 0x1038d9d90 (12 bytes)
1769524434.305494 sending message 112 to peer 0x1038d9d90 (12 bytes)
1769524434.305496 sending message 112 to peer 0x1038d9d90 (12 bytes)
1769524434.305497 sending message 112 to peer 0x1038d9d90 (12 bytes)
1769524434.305499 sending message 112 to peer 0x1038d9d90 (9 bytes)
1769524434.305502 sending message 112 to peer 0x1038d9d90 (12 bytes)
1769524434.305504 sending message 112 to peer 0x1038d9d90 (13 bytes)
1769524434.305506 sending message 112 to peer 0x1038d9d90 (13 bytes)
1769524434.305508 sending message 112 to peer 0x1038d9d90 (13 bytes)
1769524434.305510 sending message 112 to peer 0x1038d9d90 (13 bytes)
1769524434.305512 sending message 112 to peer 0x1038d9d90 (13 bytes)
1769524434.305513 sending message 112 to peer 0x1038d9d90 (8 bytes)
1769524434.305515 sending message 112 to peer 0x1038d9d90 (11 bytes)
1769524434.305517 sending message 112 to peer 0x1038d9d90 (11 bytes)
1769524434.305525 sending message 112 to peer 0x1038d9d90 (11 bytes)
1769524434.305528 sending message 112 to peer 0x1038d9d90 (12 bytes)
1769524434.305530 sending message 112 to peer 0x1038d9d90 (12 bytes)
1769524434.305532 sending message 112 to peer 0x1038d9d90 (12 bytes)
1769524434.305533 sending message 112 to peer 0x1038d9d90 (12 bytes)
1769524434.305536 sending message 112 to peer 0x1038d9d90 (13 bytes)
1769524434.305538 sending message 112 to peer 0x1038d9d90 (13 bytes)
1769524434.305541 sending message 112 to peer 0x1038d9d90 (13 bytes)
1769524434.305543 sending message 112 to peer 0x1038d9d90 (8 bytes)
1769524434.305546 sending message 112 to peer 0x1038d9d90 (13 bytes)
1769524434.305548 sending message 112 to peer 0x1038d9d90 (13 bytes)
1769524434.305550 sending message 112 to peer 0x1038d9d90 (13 bytes)
1769524434.305553 sending message 112 to peer 0x1038d9d90 (13 bytes)
1769524434.305556 sending message 112 to peer 0x1038d9d90 (13 bytes)
1769524434.305559 sending message 112 to peer 0x1038d9d90 (12 bytes)
1769524434.305562 sending message 112 to peer 0x1038d9d90 (12 bytes)
1769524434.305564 sending message 112 to peer 0x1038d9d90 (12 bytes)
1769524434.305566 sending message 112 to peer 0x1038d9d90 (12 bytes)
1769524434.305568 sending message 112 to peer 0x1038d9d90 (13 bytes)
1769524434.305570 sending message 112 to peer 0x1038d9d90 (8 bytes)
1769524434.305572 sending message 112 to peer 0x1038d9d90 (13 bytes)
1769524434.305576 sending message 112 to peer 0x1038d9d90 (13 bytes)
1769524434.305578 sending message 112 to peer 0x1038d9d90 (13 bytes)
1769524434.305580 sending message 112 to peer 0x1038d9d90 (13 bytes)
1769524434.305583 sending message 112 to peer 0x1038d9d90 (13 bytes)
1769524434.305585 sending message 112 to peer 0x1038d9d90 (13 bytes)
1769524434.305588 sending message 112 to peer 0x1038d9d90 (13 bytes)
1769524434.305591 sending message 112 to peer 0x1038d9d90 (12 bytes)
1769524434.305594 sending message 112 to peer 0x1038d9d90 (12 bytes)
1769524434.305601 sending message 112 to peer 0x1038d9d90 (12 bytes)
1769524434.305603 sending message 112 to peer 0x1038d9d90 (8 bytes)
1769524434.305606 sending message 112 to peer 0x1038d9d90 (12 bytes)
1769524434.305608 sending message 112 to peer 0x1038d9d90 (13 bytes)
1769524434.305611 sending message 112 to peer 0x1038d9d90 (13 bytes)
1769524434.305613 sending message 112 to peer 0x1038d9d90 (13 bytes)
1769524434.305616 sending message 112 to peer 0x1038d9d90 (13 bytes)
1769524434.305618 sending message 112 to peer 0x1038d9d90 (13 bytes)
1769524434.305620 sending message 112 to peer 0x1038d9d90 (13 bytes)
1769524434.305622 sending message 112 to peer 0x1038d9d90 (13 bytes)
1769524434.305624 sending message 112 to peer 0x1038d9d90 (13 bytes)
1769524434.305626 sending message 112 to peer 0x1038d9d90 (12 bytes)
1769524434.305632 sending message 112 to peer 0x1038d9d90 (10 bytes)
1769524434.305636 sending message 112 to peer 0x1038d9d90 (12 bytes)
1769524434.305638 sending message 112 to peer 0x1038d9d90 (12 bytes)
1769524434.305639 sending message 112 to peer 0x1038d9d90 (12 bytes)
1769524434.305641 sending message 112 to peer 0x1038d9d90 (13 bytes)
1769524434.305644 sending message 112 to peer 0x1038d9d90 (13 bytes)
1769524434.305647 sending message 112 to peer 0x1038d9d90 (13 bytes)
1769524434.305649 sending message 112 to peer 0x1038d9d90 (13 bytes)
1769524434.305651 sending message 112 to peer 0x1038d9d90 (13 bytes)
1769524434.305653 sending message 112 to peer 0x1038d9d90 (13 bytes)
1769524434.305656 sending message 112 to peer 0x1038d9d90 (13 bytes)
1769524434.305658 sending message 112 to peer 0x1038d9d90 (10 bytes)
1769524434.305661 sending message 112 to peer 0x1038d9d90 (13 bytes)
1769524434.305662 sending message 112 to peer 0x1038d9d90 (12 bytes)
1769524434.305665 sending message 112 to peer 0x1038d9d90 (12 bytes)
1769524434.305667 sending message 112 to peer 0x1038d9d90 (12 bytes)
1769524434.305669 sending message 112 to peer 0x1038d9d90 (10 bytes)
1769524434.305672 sending message 112 to peer 0x1038d9d90 (10 bytes)
1769524434.305675 sending message 112 to peer 0x1038d9d90 (10 bytes)
1769524434.305677 sending message 112 to peer 0x1038d9d90 (12 bytes)
1769524434.305680 sending message 112 to peer 0x1038d9d90 (13 bytes)
1769524434.305684 sending message 112 to peer 0x1038d9d90 (13 bytes)
1769524434.305687 sending message 112 to peer 0x1038d9d90 (13 bytes)
1769524434.305690 sending message 112 to peer 0x1038d9d90 (13 bytes)
1769524434.305692 sending message 112 to peer 0x1038d9d90 (13 bytes)
1769524434.305695 sending message 112 to peer 0x1038d9d90 (10 bytes)
1769524434.305715 sending message 112 to peer 0x1038d9d90 (11 bytes)
1769524434.305720 sending message 112 to peer 0x1038d9d90 (12 bytes)
1769524434.305723 sending message 112 to peer 0x1038d9d90 (12 bytes)
1769524434.305726 sending message 112 to peer 0x1038d9d90 (12 bytes)
1769524434.305729 sending message 112 to peer 0x1038d9d90 (12 bytes)
1769524434.305732 sending message 112 to peer 0x1038d9d90 (12 bytes)
1769524434.305735 sending message 112 to peer 0x1038d9d90 (11 bytes)
1769524434.305737 sending message 112 to peer 0x1038d9d90 (12 bytes)
1769524434.305740 sending message 112 to peer 0x1038d9d90 (12 bytes)
1769524434.305742 sending message 112 to peer 0x1038d9d90 (13 bytes)
1769524434.305744 sending message 112 to peer 0x1038d9d90 (13 bytes)
1769524434.305747 sending message 112 to peer 0x1038d9d90 (13 bytes)
1769524434.305749 sending message 112 to peer 0x1038d9d90 (13 bytes)
1769524434.305752 sending message 112 to peer 0x1038d9d90 (13 bytes)
1769524434.305754 sending message 112 to peer 0x1038d9d90 (10 bytes)
1769524434.305757 sending message 112 to peer 0x1038d9d90 (9 bytes)
1769524434.305759 sending message 112 to peer 0x1038d9d90 (12 bytes)
1769524434.305762 sending message 112 to peer 0x1038d9d90 (13 bytes)
1769524434.305764 sending message 112 to peer 0x1038d9d90 (13 bytes)
1769524434.305767 sending message 112 to peer 0x1038d9d90 (13 bytes)
1769524434.305770 sending message 112 to peer 0x1038d9d90 (13 bytes)
1769524434.305778 sending message 112 to peer 0x1038d9d90 (13 bytes)
1769524434.305781 sending message 112 to peer 0x1038d9d90 (9 bytes)
1769524434.305784 sending message 112 to peer 0x1038d9d90 (12 bytes)
1769524434.305786 sending message 112 to peer 0x1038d9d90 (13 bytes)
1769524434.305788 sending message 112 to peer 0x1038d9d90 (13 bytes)
1769524434.305790 sending message 112 to peer 0x1038d9d90 (13 bytes)
1769524434.305792 sending message 112 to peer 0x1038d9d90 (13 bytes)
1769524434.305794 sending message 112 to peer 0x1038d9d90 (13 bytes)
1769524434.305796 sending message 112 to peer 0x1038d9d90 (11 bytes)
1769524434.305797 sending message 112 to peer 0x1038d9d90 (12 bytes)
1769524434.305799 sending message 112 to peer 0x1038d9d90 (13 bytes)
1769524434.305801 sending message 112 to peer 0x1038d9d90 (13 bytes)
1769524434.305803 sending message 112 to peer 0x1038d9d90 (13 bytes)
1769524434.305804 sending message 112 to peer 0x1038d9d90 (13 bytes)
1769524434.305806 sending message 112 to peer 0x1038d9d90 (13 bytes)
1769524434.305808 sending message 112 to peer 0x1038d9d90 (11 bytes)
1769524434.305809 sending message 112 to peer 0x1038d9d90 (12 bytes)
1769524434.305811 sending message 112 to peer 0x1038d9d90 (12 bytes)
1769524434.305814 sending message 112 to peer 0x1038d9d90 (12 bytes)
1769524434.305816 sending message 112 to peer 0x1038d9d90 (12 bytes)
1769524434.305819 sending message 112 to peer 0x1038d9d90 (12 bytes)
1769524434.305822 sending message 112 to peer 0x1038d9d90 (21 bytes)
1769524434.305824 sending message 112 to peer 0x1038d9d90 (12 bytes)
1769524434.305826 sending message 112 to peer 0x1038d9d90 (9 bytes)
1769524434.305829 sending message 112 to peer 0x1038d9d90 (6 bytes)
1769524434.305831 sending message 112 to peer 0x1038d9d90 (13 bytes)
1769524434.305833 sending message 112 to peer 0x1038d9d90 (10 bytes)
1769524434.305836 sending message 112 to peer 0x1038d9d90 (15 bytes)
1769524434.305838 sending message 112 to peer 0x1038d9d90 (13 bytes)
1769524434.305840 sending message 112 to peer 0x1038d9d90 (9 bytes)
1769524434.305843 sending message 112 to peer 0x1038d9d90 (70 bytes)
1769524434.305845 sending message 112 to peer 0x1038d9d90 (69 bytes)
1769524434.305847 sending message 112 to peer 0x1038d9d90 (34 bytes)
1769524434.305850 sending message 112 to peer 0x1038d9d90 (34 bytes)
1769524434.305852 sending message 112 to peer 0x1038d9d90 (70 bytes)
1769524434.305854 sending message 112 to peer 0x1038d9d90 (12 bytes)
1769524434.305857 sending message 112 to peer 0x1038d9d90 (10 bytes)
1769524434.305860 sending message 112 to peer 0x1038d9d90 (10 bytes)
1769524434.305861 sending message 112 to peer 0x1038d9d90 (15 bytes)
1769524434.305863 sending message 112 to peer 0x1038d9d90 (13 bytes)
1769524434.305865 sending message 112 to peer 0x1038d9d90 (10 bytes)
1769524434.305866 sending message 112 to peer 0x1038d9d90 (10 bytes)
1769524434.305870 sending message 112 to peer 0x1038d9d90 (17 bytes)
1769524434.305871 sending message 112 to peer 0x1038d9d90 (10 bytes)
1769524434.305873 sending message 112 to peer 0x1038d9d90 (13 bytes)
1769524434.305876 sending message 112 to peer 0x1038d9d90 (32 bytes)
1769524434.305877 sending message 112 to peer 0x1038d9d90 (5 bytes)
1769524434.305880 sending message 112 to peer 0x1038d9d90 (9 bytes)
1769524434.305883 sending message 112 to peer 0x1038d9d90 (15 bytes)
1769524434.305886 sending message 112 to peer 0x1038d9d90 (5 bytes)
1769524434.305890 sending message 104 to peer 0x1038d9d90 (0 bytes)
1769524434.305893 sending message 110 to peer 0x1038d9d90 (0 bytes)
1769524434.305896 sending message 107 to peer 0x1038d9d90 (4 bytes)
1769524434.305898 sending message 105 to peer 0x1038d9d90 (163 bytes)
1769524434.305900 sending message 105 to peer 0x1038d9d90 (72 bytes)
1769524434.305902 sending message 105 to peer 0x1038d9d90 (75 bytes)
1769524434.305904 sending message 105 to peer 0x1038d9d90 (21 bytes)
1769524434.305907 sending message 105 to peer 0x1038d9d90 (19 bytes)
1769524434.305908 sending message 105 to peer 0x1038d9d90 (15 bytes)
1769524434.305916 sending message 105 to peer 0x1038d9d90 (57 bytes)
1769524434.305918 sending message 105 to peer 0x1038d9d90 (52 bytes)
1769524434.305920 sending message 105 to peer 0x1038d9d90 (27 bytes)
1769524434.305923 sending message 105 to peer 0x1038d9d90 (17 bytes)
1769524434.305925 sending message 105 to peer 0x1038d9d90 (22 bytes)
1769524434.305927 sending message 105 to peer 0x1038d9d90 (66 bytes)
1769524434.305930 sending message 105 to peer 0x1038d9d90 (32 bytes)
1769524434.305933 sending message 105 to peer 0x1038d9d90 (595 bytes)
1769524434.305935 sending message 105 to peer 0x1038d9d90 (41 bytes)
1769524434.305938 sending message 105 to peer 0x1038d9d90 (54 bytes)
1769524434.305940 sending message 105 to peer 0x1038d9d90 (43 bytes)
1769524434.305943 sending message 105 to peer 0x1038d9d90 (33 bytes)
1769524434.305946 sending message 105 to peer 0x1038d9d90 (17 bytes)
1769524434.305950 sending message 105 to peer 0x1038d9d90 (14 bytes)
1769524434.305954 sending message 105 to peer 0x1038d9d90 (42 bytes)
1769524434.305956 sending message 105 to peer 0x1038d9d90 (19 bytes)
1769524434.305959 sending message 105 to peer 0x1038d9d90 (8 bytes)
1769524434.305977 sending message 105 to peer 0x1038d9d90 (24 bytes)
1769524434.305981 sending message 105 to peer 0x1038d9d90 (63 bytes)
1769524434.305983 sending message 105 to peer 0x1038d9d90 (20 bytes)
1769524434.305986 sending message 105 to peer 0x1038d9d90 (98 bytes)
1769524434.305988 sending message 105 to peer 0x1038d9d90 (57 bytes)
1769524434.305990 sending message 105 to peer 0x1038d9d90 (18 bytes)
1769524434.305993 sending message 105 to peer 0x1038d9d90 (24 bytes)
1769524434.305995 sending message 105 to peer 0x1038d9d90 (20 bytes)
1769524434.305998 sending message 105 to peer 0x1038d9d90 (26 bytes)
1769524434.306000 sending message 105 to peer 0x1038d9d90 (30 bytes)
1769524434.306003 sending message 105 to peer 0x1038d9d90 (37 bytes)
1769524434.306005 sending message 105 to peer 0x1038d9d90 (34 bytes)
1769524434.306008 sending message 105 to peer 0x1038d9d90 (35 bytes)
1769524434.306011 sending message 105 to peer 0x1038d9d90 (10 bytes)
1769524434.306014 sending message 105 to peer 0x1038d9d90 (26 bytes)
1769524434.306017 sending message 105 to peer 0x1038d9d90 (32 bytes)
1769524434.306020 sending message 105 to peer 0x1038d9d90 (16 bytes)
1769524434.306022 sending message 105 to peer 0x1038d9d90 (59 bytes)
1769524434.306024 sending message 105 to peer 0x1038d9d90 (68 bytes)
1769524434.306027 sending message 105 to peer 0x1038d9d90 (42 bytes)
1769524434.306055 sending message 105 to peer 0x1038d9d90 (12 bytes)
1769524434.306096 sending message 105 to peer 0x1038d9d90 (22 bytes)
1769524434.306106 sending message 105 to peer 0x1038d9d90 (25 bytes)
1769524434.306108 sending message 106 to peer 0x1038d9d90 (0 bytes)
1769524434.333681 sending message 200 to peer 0x1038d9d90 (4 bytes)
1769524434.333687 client loop enter
1769524434.333710 client_signal: Child exited: 20
1769524434.347359 peer 0x1038d9d90 message 207
1769524434.347383 sending message 208 to peer 0x1038d9d90 (0 bytes)
1769524438.048318 peer 0x1038d9d90 message 203
1769524438.048339 sending message 205 to peer 0x1038d9d90 (0 bytes)
1769524438.048648 peer 0x1038d9d90 message 204
1769524438.048657 client loop exit
